# JRE version: Java(TM) SE Runtime Environment (19.0.2+7) (build 19.0.2+7-44)
# Java VM: Java HotSpot(TM) 64-Bit Server VM (19.0.2+7-44, mixed mode, sharing, tiered, compressed oops, compressed class ptrs, g1 gc, windows-amd64)
GC Precious Log:
 CardTable entry size: 512
 Card Set container configuration: InlinePtr #cards 5 size 8 Array Of Cards #cards 12 size 40 Howl #buckets 4 coarsen threshold 1843 Howl Bitmap #cards 512 size 80 coarsen threshold 460 Card regions per heap region 1 cards per card region 2048
 CPUs: 8 total, 8 available
 Memory: 7834M
 Large Page Support: Disabled
 NUMA Support: Disabled
 Compressed Oops: Enabled (32-bit)
 Heap Region Size: 1M
 Heap Min Capacity: 8M
 Heap Initial Capacity: 124M
 Heap Max Capacity: 2G
 Pre-touch: Disabled
 Parallel Workers: 8
 Concurrent Workers: 2
 Concurrent Refinement Workers: 8
 Periodic GC: Disabled
Heap:
 garbage-first heap   total 523264K, used 297860K [0x0000000080000000, 0x0000000100000000)
  region size 1024K, 66 young (67584K), 14 survivors (14336K)
 Metaspace       used 178095K, committed 180800K, reserved 618496K
  class space    used 21775K, committed 23232K, reserved 421888K
GC Heap History (20 events):
Event: 168.192 GC heap before
{Heap before GC invocations=119 (full 0):
 garbage-first heap   total 523264K, used 440277K [0x0000000080000000, 0x0000000100000000)
  region size 1024K, 213 young (218112K), 30 survivors (30720K)
 Metaspace       used 161437K, committed 163904K, reserved 618496K
  class space    used 19945K, committed 21248K, reserved 421888K
}
Event: 168.220 GC heap after
{Heap after GC invocations=120 (full 0):
 garbage-first heap   total 523264K, used 247636K [0x0000000080000000, 0x0000000100000000)
  region size 1024K, 10 young (10240K), 10 survivors (10240K)
 Metaspace       used 161437K, committed 163904K, reserved 618496K
  class space    used 19945K, committed 21248K, reserved 421888K
}
Event: 171.802 GC heap before
{Heap before GC invocations=120 (full 0):
 garbage-first heap   total 523264K, used 442196K [0x0000000080000000, 0x0000000100000000)
  region size 1024K, 199 young (203776K), 10 survivors (10240K)
 Metaspace       used 162691K, committed 165184K, reserved 618496K
  class space    used 19958K, committed 21248K, reserved 421888K
}
Event: 171.809 GC heap after
{Heap after GC invocations=121 (full 0):
 garbage-first heap   total 523264K, used 240802K [0x0000000080000000, 0x0000000100000000)
  region size 1024K, 3 young (3072K), 3 survivors (3072K)
 Metaspace       used 162691K, committed 165184K, reserved 618496K
  class space    used 19958K, committed 21248K, reserved 421888K
}
Event: 174.665 GC heap before
{Heap before GC invocations=121 (full 0):
 garbage-first heap   total 523264K, used 447650K [0x0000000080000000, 0x0000000100000000)
  region size 1024K, 204 young (208896K), 3 survivors (3072K)
 Metaspace       used 163462K, committed 166016K, reserved 618496K
  class space    used 19966K, committed 21312K, reserved 421888K
}
Event: 174.680 GC heap after
{Heap after GC invocations=122 (full 0):
 garbage-first heap   total 523264K, used 250838K [0x0000000080000000, 0x0000000100000000)
  region size 1024K, 13 young (13312K), 13 survivors (13312K)
 Metaspace       used 163462K, committed 166016K, reserved 618496K
  class space    used 19966K, committed 21312K, reserved 421888K
}
Event: 185.276 GC heap before
{Heap before GC invocations=122 (full 0):
 garbage-first heap   total 523264K, used 442326K [0x0000000080000000, 0x0000000100000000)
  region size 1024K, 200 young (204800K), 13 survivors (13312K)
 Metaspace       used 168304K, committed 170880K, reserved 618496K
  class space    used 20569K, committed 21952K, reserved 421888K
}
Event: 185.289 GC heap after
{Heap after GC invocations=123 (full 0):
 garbage-first heap   total 523264K, used 237657K [0x0000000080000000, 0x0000000100000000)
  region size 1024K, 7 young (7168K), 7 survivors (7168K)
 Metaspace       used 168304K, committed 170880K, reserved 618496K
  class space    used 20569K, committed 21952K, reserved 421888K
}
Event: 202.478 GC heap before
{Heap before GC invocations=123 (full 0):
 garbage-first heap   total 523264K, used 443481K [0x0000000080000000, 0x0000000100000000)
  region size 1024K, 209 young (214016K), 7 survivors (7168K)
 Metaspace       used 168306K, committed 170880K, reserved 618496K
  class space    used 20569K, committed 21952K, reserved 421888K
}
Event: 202.511 GC heap after
{Heap after GC invocations=124 (full 0):
 garbage-first heap   total 523264K, used 238602K [0x0000000080000000, 0x0000000100000000)
  region size 1024K, 8 young (8192K), 8 survivors (8192K)
 Metaspace       used 168306K, committed 170880K, reserved 618496K
  class space    used 20569K, committed 21952K, reserved 421888K
}
Event: 224.086 GC heap before
{Heap before GC invocations=124 (full 0):
 garbage-first heap   total 523264K, used 447498K [0x0000000080000000, 0x0000000100000000)
  region size 1024K, 213 young (218112K), 8 survivors (8192K)
 Metaspace       used 171957K, committed 174592K, reserved 618496K
  class space    used 21047K, committed 22464K, reserved 421888K
}
Event: 224.116 GC heap after
{Heap after GC invocations=125 (full 0):
 garbage-first heap   total 523264K, used 243909K [0x0000000080000000, 0x0000000100000000)
  region size 1024K, 13 young (13312K), 13 survivors (13312K)
 Metaspace       used 171957K, committed 174592K, reserved 618496K
  class space    used 21047K, committed 22464K, reserved 421888K
}
Event: 225.326 GC heap before
{Heap before GC invocations=125 (full 0):
 garbage-first heap   total 523264K, used 449733K [0x0000000080000000, 0x0000000100000000)
  region size 1024K, 213 young (218112K), 13 survivors (13312K)
 Metaspace       used 173547K, committed 176192K, reserved 618496K
  class space    used 21174K, committed 22592K, reserved 421888K
}
Event: 225.347 GC heap after
{Heap after GC invocations=126 (full 0):
 garbage-first heap   total 523264K, used 244052K [0x0000000080000000, 0x0000000100000000)
  region size 1024K, 13 young (13312K), 13 survivors (13312K)
 Metaspace       used 173547K, committed 176192K, reserved 618496K
  class space    used 21174K, committed 22592K, reserved 421888K
}
Event: 227.522 GC heap before
{Heap before GC invocations=126 (full 0):
 garbage-first heap   total 523264K, used 451924K [0x0000000080000000, 0x0000000100000000)
  region size 1024K, 216 young (221184K), 13 survivors (13312K)
 Metaspace       used 173661K, committed 176320K, reserved 618496K
  class space    used 21180K, committed 22592K, reserved 421888K
}
Event: 227.550 GC heap after
{Heap after GC invocations=127 (full 0):
 garbage-first heap   total 523264K, used 243887K [0x0000000080000000, 0x0000000100000000)
  region size 1024K, 13 young (13312K), 13 survivors (13312K)
 Metaspace       used 173661K, committed 176320K, reserved 618496K
  class space    used 21180K, committed 22592K, reserved 421888K
}
Event: 229.256 GC heap before
{Heap before GC invocations=127 (full 0):
 garbage-first heap   total 523264K, used 454831K [0x0000000080000000, 0x0000000100000000)
  region size 1024K, 219 young (224256K), 13 survivors (13312K)
 Metaspace       used 173661K, committed 176320K, reserved 618496K
  class space    used 21180K, committed 22592K, reserved 421888K
}
Event: 229.281 GC heap after
{Heap after GC invocations=128 (full 0):
 garbage-first heap   total 523264K, used 246698K [0x0000000080000000, 0x0000000100000000)
  region size 1024K, 16 young (16384K), 16 survivors (16384K)
 Metaspace       used 173661K, committed 176320K, reserved 618496K
  class space    used 21180K, committed 22592K, reserved 421888K
}
Event: 237.769 GC heap before
{Heap before GC invocations=128 (full 0):
 garbage-first heap   total 523264K, used 452522K [0x0000000080000000, 0x0000000100000000)
  region size 1024K, 217 young (222208K), 16 survivors (16384K)
 Metaspace       used 177430K, committed 180096K, reserved 618496K
  class space    used 21693K, committed 23104K, reserved 421888K
}
Event: 237.790 GC heap after
{Heap after GC invocations=129 (full 0):
 garbage-first heap   total 523264K, used 245636K [0x0000000080000000, 0x0000000100000000)
  region size 1024K, 14 young (14336K), 14 survivors (14336K)
 Metaspace       used 177430K, committed 180096K, reserved 618496K
  class space    used 21693K, committed 23104K, reserved 421888K
}

